<?xml version="1.0" encoding="UTF-8"?>
<testng-results skipped="0" failed="0" total="1" passed="1">
  <reporter-output>
  </reporter-output>
  <suite name="Surefire suite" duration-ms="29" started-at="2015-09-28T15:48:41Z" finished-at="2015-09-28T15:48:41Z">
    <groups>
    </groups>
    <test name="Surefire test" duration-ms="29" started-at="2015-09-28T15:48:41Z" finished-at="2015-09-28T15:48:41Z">
      <class name="discuss.AppTest">
        <test-method status="PASS" signature="testApp()[pri:0, instance:testApp(discuss.AppTest)]" name="testApp" duration-ms="1" started-at="2015-09-28T17:48:41Z" finished-at="2015-09-28T17:48:41Z">
          <reporter-output>
          </reporter-output>
        </test-method> <!-- testApp -->
      </class> <!-- discuss.AppTest -->
    </test> <!-- Surefire test -->
  </suite> <!-- Surefire suite -->
</testng-results>
