<?xml version="1.0" encoding="UTF-8"?>
<!-- Generated by org.testng.reporters.JUnitXMLReporter -->
<testsuite hostname="Karl" name="Surefire test" tests="72" failures="0" timestamp="28 Sep 2015 15:48:41 GMT" time="4.736" errors="0">
  <testcase name="@BeforeClass springTestContextPrepareTestInstance" time="0.0" classname="discuss.repositories.BeekeeperCrudTest">
    <failure type="java.lang.IllegalStateException" message="Failed to load ApplicationContext">
      <![CDATA[java.lang.IllegalStateException: Failed to load ApplicationContext
	at org.springframework.test.context.DefaultCacheAwareContextLoaderDelegate.loadContext(DefaultCacheAwareContextLoaderDelegate.java:94)
	at org.springframework.test.context.DefaultTestContext.getApplicationContext(DefaultTestContext.java:72)
	at org.springframework.test.context.web.ServletTestExecutionListener.setUpRequestContextIfNecessary(ServletTestExecutionListener.java:170)
	at org.springframework.test.context.web.ServletTestExecutionListener.prepareTestInstance(ServletTestExecutionListener.java:110)
	at org.springframework.test.context.TestContextManager.prepareTestInstance(TestContextManager.java:212)
	at org.springframework.test.context.testng.AbstractTestNGSpringContextTests.springTestContextPrepareTestInstance(AbstractTestNGSpringContextTests.java:145)
Caused by: org.springframework.beans.factory.BeanCreationException: Error creating bean with name 'harvestServiceImpl': Injection of autowired dependencies failed; nested exception is org.springframework.beans.factory.BeanCreationException: Could not autowire field: discuss.respository.HarvestRepository discuss.Services.Impl.HarvestServiceImpl.repository; nested exception is org.springframework.beans.factory.NoSuchBeanDefinitionException: No qualifying bean of type [discuss.respository.HarvestRepository] found for dependency: expected at least 1 bean which qualifies as autowire candidate for this dependency. Dependency annotations: {@org.springframework.beans.factory.annotation.Autowired(required=true)}
	at org.springframework.beans.factory.annotation.AutowiredAnnotationBeanPostProcessor.postProcessPropertyValues(AutowiredAnnotationBeanPostProcessor.java:334)
	at org.springframework.beans.factory.support.AbstractAutowireCapableBeanFactory.populateBean(AbstractAutowireCapableBeanFactory.java:1210)
	at org.springframework.beans.factory.support.AbstractAutowireCapableBeanFactory.doCreateBean(AbstractAutowireCapableBeanFactory.java:537)
	at org.springframework.beans.factory.support.AbstractAutowireCapableBeanFactory.createBean(AbstractAutowireCapableBeanFactory.java:476)
	at org.springframework.beans.factory.support.AbstractBeanFactory$1.getObject(AbstractBeanFactory.java:303)
	at org.springframework.beans.factory.support.DefaultSingletonBeanRegistry.getSingleton(DefaultSingletonBeanRegistry.java:230)
	at org.springframework.beans.factory.support.AbstractBeanFactory.doGetBean(AbstractBeanFactory.java:299)
	at org.springframework.beans.factory.support.AbstractBeanFactory.getBean(AbstractBeanFactory.java:194)
	at org.springframework.beans.factory.support.DefaultListableBeanFactory.preInstantiateSingletons(DefaultListableBeanFactory.java:755)
	at org.springframework.context.support.AbstractApplicationContext.finishBeanFactoryInitialization(AbstractApplicationContext.java:757)
	at org.springframework.context.support.AbstractApplicationContext.refresh(AbstractApplicationContext.java:480)
	at org.springframework.boot.SpringApplication.refresh(SpringApplication.java:687)
	at org.springframework.boot.SpringApplication.run(SpringApplication.java:321)
	at org.springframework.boot.test.SpringApplicationContextLoader.loadContext(SpringApplicationContextLoader.java:104)
	at org.springframework.test.context.DefaultCacheAwareContextLoaderDelegate.loadContextInternal(DefaultCacheAwareContextLoaderDelegate.java:68)
	at org.springframework.test.context.DefaultCacheAwareContextLoaderDelegate.loadContext(DefaultCacheAwareContextLoaderDelegate.java:86)
	... 33 more
Caused by: org.springframework.beans.factory.BeanCreationException: Could not autowire field: discuss.respository.HarvestRepository discuss.Services.Impl.HarvestServiceImpl.repository; nested exception is org.springframework.beans.factory.NoSuchBeanDefinitionException: No qualifying bean of type [discuss.respository.HarvestRepository] found for dependency: expected at least 1 bean which qualifies as autowire candidate for this dependency. Dependency annotations: {@org.springframework.beans.factory.annotation.Autowired(required=true)}
	at org.springframework.beans.factory.annotation.AutowiredAnnotationBeanPostProcessor$AutowiredFieldElement.inject(AutowiredAnnotationBeanPostProcessor.java:561)
	at org.springframework.beans.factory.annotation.InjectionMetadata.inject(InjectionMetadata.java:88)
	at org.springframework.beans.factory.annotation.AutowiredAnnotationBeanPostProcessor.postProcessPropertyValues(AutowiredAnnotationBeanPostProcessor.java:331)
	... 48 more
Caused by: org.springframework.beans.factory.NoSuchBeanDefinitionException: No qualifying bean of type [discuss.respository.HarvestRepository] found for dependency: expected at least 1 bean which qualifies as autowire candidate for this dependency. Dependency annotations: {@org.springframework.beans.factory.annotation.Autowired(required=true)}
	at org.springframework.beans.factory.support.DefaultListableBeanFactory.raiseNoSuchBeanDefinitionException(DefaultListableBeanFactory.java:1301)
	at org.springframework.beans.factory.support.DefaultListableBeanFactory.doResolveDependency(DefaultListableBeanFactory.java:1047)
	at org.springframework.beans.factory.support.DefaultListableBeanFactory.resolveDependency(DefaultListableBeanFactory.java:942)
	at org.springframework.beans.factory.annotation.AutowiredAnnotationBeanPostProcessor$AutowiredFieldElement.inject(AutowiredAnnotationBeanPostProcessor.java:533)
	... 50 more
... Removed 28 stack frames]]>
    </failure>
  </testcase> <!-- @BeforeClass springTestContextPrepareTestInstance -->
  <testcase name="@BeforeMethod springTestContextBeforeTestMethod" time="0.0" classname="discuss.repositories.BeekeeperCrudTest">
    <skipped/>
  </testcase> <!-- @BeforeMethod springTestContextBeforeTestMethod -->
  <testcase name="@BeforeClass springTestContextBeforeTestClass" time="0.0" classname="discuss.repositories.BucketCrudTest">
    <skipped/>
  </testcase> <!-- @BeforeClass springTestContextBeforeTestClass -->
  <testcase name="@BeforeClass springTestContextPrepareTestInstance" time="0.0" classname="discuss.repositories.BucketCrudTest">
    <skipped/>
  </testcase> <!-- @BeforeClass springTestContextPrepareTestInstance -->
  <testcase name="@BeforeMethod springTestContextBeforeTestMethod" time="0.0" classname="discuss.repositories.BucketCrudTest">
    <skipped/>
  </testcase> <!-- @BeforeMethod springTestContextBeforeTestMethod -->
  <testcase name="@BeforeClass springTestContextBeforeTestClass" time="0.0" classname="discuss.repositories.CustomerCrudTest">
    <skipped/>
  </testcase> <!-- @BeforeClass springTestContextBeforeTestClass -->
  <testcase name="@BeforeClass springTestContextPrepareTestInstance" time="0.0" classname="discuss.repositories.CustomerCrudTest">
    <skipped/>
  </testcase> <!-- @BeforeClass springTestContextPrepareTestInstance -->
  <testcase name="@BeforeMethod springTestContextBeforeTestMethod" time="0.0" classname="discuss.repositories.CustomerCrudTest">
    <skipped/>
  </testcase> <!-- @BeforeMethod springTestContextBeforeTestMethod -->
  <testcase name="@BeforeClass springTestContextBeforeTestClass" time="0.0" classname="discuss.repositories.HarvestCrudTest">
    <skipped/>
  </testcase> <!-- @BeforeClass springTestContextBeforeTestClass -->
  <testcase name="@BeforeClass springTestContextPrepareTestInstance" time="0.0" classname="discuss.repositories.HarvestCrudTest">
    <skipped/>
  </testcase> <!-- @BeforeClass springTestContextPrepareTestInstance -->
  <testcase name="@BeforeMethod springTestContextBeforeTestMethod" time="0.0" classname="discuss.repositories.HarvestCrudTest">
    <skipped/>
  </testcase> <!-- @BeforeMethod springTestContextBeforeTestMethod -->
  <testcase name="@BeforeClass springTestContextBeforeTestClass" time="0.0" classname="discuss.repositories.HiveCrudTest">
    <skipped/>
  </testcase> <!-- @BeforeClass springTestContextBeforeTestClass -->
  <testcase name="@BeforeClass springTestContextPrepareTestInstance" time="0.0" classname="discuss.repositories.HiveCrudTest">
    <skipped/>
  </testcase> <!-- @BeforeClass springTestContextPrepareTestInstance -->
  <testcase name="@BeforeMethod springTestContextBeforeTestMethod" time="0.0" classname="discuss.repositories.HiveCrudTest">
    <skipped/>
  </testcase> <!-- @BeforeMethod springTestContextBeforeTestMethod -->
  <testcase name="@BeforeClass springTestContextBeforeTestClass" time="0.0" classname="discuss.repositories.LocationCrudTest">
    <skipped/>
  </testcase> <!-- @BeforeClass springTestContextBeforeTestClass -->
  <testcase name="@BeforeClass springTestContextPrepareTestInstance" time="0.0" classname="discuss.repositories.LocationCrudTest">
    <skipped/>
  </testcase> <!-- @BeforeClass springTestContextPrepareTestInstance -->
  <testcase name="@BeforeMethod springTestContextBeforeTestMethod" time="0.0" classname="discuss.repositories.LocationCrudTest">
    <skipped/>
  </testcase> <!-- @BeforeMethod springTestContextBeforeTestMethod -->
  <testcase name="@BeforeClass springTestContextBeforeTestClass" time="0.0" classname="discuss.repositories.SalesCrudTest">
    <skipped/>
  </testcase> <!-- @BeforeClass springTestContextBeforeTestClass -->
  <testcase name="@BeforeClass springTestContextPrepareTestInstance" time="0.0" classname="discuss.repositories.SalesCrudTest">
    <skipped/>
  </testcase> <!-- @BeforeClass springTestContextPrepareTestInstance -->
  <testcase name="@BeforeMethod springTestContextBeforeTestMethod" time="0.0" classname="discuss.repositories.SalesCrudTest">
    <skipped/>
  </testcase> <!-- @BeforeMethod springTestContextBeforeTestMethod -->
  <testcase name="@BeforeClass springTestContextBeforeTestClass" time="0.0" classname="discuss.repositories.SubLocationCrudTest">
    <skipped/>
  </testcase> <!-- @BeforeClass springTestContextBeforeTestClass -->
  <testcase name="@BeforeClass springTestContextPrepareTestInstance" time="0.0" classname="discuss.repositories.SubLocationCrudTest">
    <skipped/>
  </testcase> <!-- @BeforeClass springTestContextPrepareTestInstance -->
  <testcase name="@BeforeMethod springTestContextBeforeTestMethod" time="0.0" classname="discuss.repositories.SubLocationCrudTest">
    <skipped/>
  </testcase> <!-- @BeforeMethod springTestContextBeforeTestMethod -->
  <testcase name="@BeforeClass springTestContextBeforeTestClass" time="0.0" classname="discuss.repositories.SuperCrudTest">
    <skipped/>
  </testcase> <!-- @BeforeClass springTestContextBeforeTestClass -->
  <testcase name="@BeforeClass springTestContextPrepareTestInstance" time="0.0" classname="discuss.repositories.SuperCrudTest">
    <skipped/>
  </testcase> <!-- @BeforeClass springTestContextPrepareTestInstance -->
  <testcase name="@BeforeMethod springTestContextBeforeTestMethod" time="0.0" classname="discuss.repositories.SuperCrudTest">
    <skipped/>
  </testcase> <!-- @BeforeMethod springTestContextBeforeTestMethod -->
  <testcase name="@BeforeClass springTestContextBeforeTestClass" time="0.0" classname="discuss.services.BeekeeperServiceTest">
    <skipped/>
  </testcase> <!-- @BeforeClass springTestContextBeforeTestClass -->
  <testcase name="@BeforeClass springTestContextPrepareTestInstance" time="0.0" classname="discuss.services.BeekeeperServiceTest">
    <skipped/>
  </testcase> <!-- @BeforeClass springTestContextPrepareTestInstance -->
  <testcase name="@BeforeMethod springTestContextBeforeTestMethod" time="0.0" classname="discuss.services.BeekeeperServiceTest">
    <skipped/>
  </testcase> <!-- @BeforeMethod springTestContextBeforeTestMethod -->
  <testcase name="@BeforeClass springTestContextBeforeTestClass" time="0.0" classname="discuss.services.BucketServiceTest">
    <skipped/>
  </testcase> <!-- @BeforeClass springTestContextBeforeTestClass -->
  <testcase name="@BeforeClass springTestContextPrepareTestInstance" time="0.0" classname="discuss.services.BucketServiceTest">
    <skipped/>
  </testcase> <!-- @BeforeClass springTestContextPrepareTestInstance -->
  <testcase name="@BeforeMethod springTestContextBeforeTestMethod" time="0.0" classname="discuss.services.BucketServiceTest">
    <skipped/>
  </testcase> <!-- @BeforeMethod springTestContextBeforeTestMethod -->
  <testcase name="@BeforeClass springTestContextBeforeTestClass" time="0.0" classname="discuss.services.CustomerServiceTest">
    <skipped/>
  </testcase> <!-- @BeforeClass springTestContextBeforeTestClass -->
  <testcase name="@BeforeClass springTestContextPrepareTestInstance" time="0.0" classname="discuss.services.CustomerServiceTest">
    <skipped/>
  </testcase> <!-- @BeforeClass springTestContextPrepareTestInstance -->
  <testcase name="@BeforeMethod springTestContextBeforeTestMethod" time="0.0" classname="discuss.services.CustomerServiceTest">
    <skipped/>
  </testcase> <!-- @BeforeMethod springTestContextBeforeTestMethod -->
  <testcase name="@BeforeClass springTestContextBeforeTestClass" time="0.0" classname="discuss.services.HarvestServiceTest">
    <skipped/>
  </testcase> <!-- @BeforeClass springTestContextBeforeTestClass -->
  <testcase name="@BeforeClass springTestContextPrepareTestInstance" time="0.0" classname="discuss.services.HarvestServiceTest">
    <skipped/>
  </testcase> <!-- @BeforeClass springTestContextPrepareTestInstance -->
  <testcase name="@BeforeMethod springTestContextBeforeTestMethod" time="0.0" classname="discuss.services.HarvestServiceTest">
    <skipped/>
  </testcase> <!-- @BeforeMethod springTestContextBeforeTestMethod -->
  <testcase name="@BeforeClass springTestContextBeforeTestClass" time="0.0" classname="discuss.services.HiveServiceTest">
    <skipped/>
  </testcase> <!-- @BeforeClass springTestContextBeforeTestClass -->
  <testcase name="@BeforeClass springTestContextPrepareTestInstance" time="0.0" classname="discuss.services.HiveServiceTest">
    <skipped/>
  </testcase> <!-- @BeforeClass springTestContextPrepareTestInstance -->
  <testcase name="@BeforeMethod springTestContextBeforeTestMethod" time="0.0" classname="discuss.services.HiveServiceTest">
    <skipped/>
  </testcase> <!-- @BeforeMethod springTestContextBeforeTestMethod -->
  <testcase name="@BeforeClass springTestContextBeforeTestClass" time="0.0" classname="discuss.services.LocationServiceTest">
    <skipped/>
  </testcase> <!-- @BeforeClass springTestContextBeforeTestClass -->
  <testcase name="@BeforeClass springTestContextPrepareTestInstance" time="0.0" classname="discuss.services.LocationServiceTest">
    <skipped/>
  </testcase> <!-- @BeforeClass springTestContextPrepareTestInstance -->
  <testcase name="@BeforeMethod springTestContextBeforeTestMethod" time="0.0" classname="discuss.services.LocationServiceTest">
    <skipped/>
  </testcase> <!-- @BeforeMethod springTestContextBeforeTestMethod -->
  <testcase name="@BeforeClass springTestContextBeforeTestClass" time="0.0" classname="discuss.services.SaleServiceTest">
    <skipped/>
  </testcase> <!-- @BeforeClass springTestContextBeforeTestClass -->
  <testcase name="@BeforeClass springTestContextPrepareTestInstance" time="0.0" classname="discuss.services.SaleServiceTest">
    <skipped/>
  </testcase> <!-- @BeforeClass springTestContextPrepareTestInstance -->
  <testcase name="@BeforeMethod springTestContextBeforeTestMethod" time="0.0" classname="discuss.services.SaleServiceTest">
    <skipped/>
  </testcase> <!-- @BeforeMethod springTestContextBeforeTestMethod -->
  <testcase name="@BeforeClass springTestContextBeforeTestClass" time="0.0" classname="discuss.services.SubLocationServiceTest">
    <skipped/>
  </testcase> <!-- @BeforeClass springTestContextBeforeTestClass -->
  <testcase name="@BeforeClass springTestContextPrepareTestInstance" time="0.0" classname="discuss.services.SubLocationServiceTest">
    <skipped/>
  </testcase> <!-- @BeforeClass springTestContextPrepareTestInstance -->
  <testcase name="@BeforeMethod springTestContextBeforeTestMethod" time="0.0" classname="discuss.services.SubLocationServiceTest">
    <skipped/>
  </testcase> <!-- @BeforeMethod springTestContextBeforeTestMethod -->
  <testcase name="@BeforeClass springTestContextBeforeTestClass" time="0.0" classname="discuss.services.SuperServiceTest">
    <skipped/>
  </testcase> <!-- @BeforeClass springTestContextBeforeTestClass -->
  <testcase name="@BeforeClass springTestContextPrepareTestInstance" time="0.0" classname="discuss.services.SuperServiceTest">
    <skipped/>
  </testcase> <!-- @BeforeClass springTestContextPrepareTestInstance -->
  <testcase name="@BeforeMethod springTestContextBeforeTestMethod" time="0.0" classname="discuss.services.SuperServiceTest">
    <skipped/>
  </testcase> <!-- @BeforeMethod springTestContextBeforeTestMethod -->
  <testcase name="testCreate" time="0.01" classname="discuss.factories.BeekeeperFactoryTest"/>
  <testcase name="testUpdate" time="0.0" classname="discuss.factories.BeekeeperFactoryTest"/>
  <testcase name="testCreate" time="0.005" classname="discuss.factories.BucketFactoryTest"/>
  <testcase name="testUpdate" time="0.0" classname="discuss.factories.BucketFactoryTest"/>
  <testcase name="testCreate" time="0.001" classname="discuss.factories.CustomerFactoryTest"/>
  <testcase name="testUpdate" time="0.0" classname="discuss.factories.CustomerFactoryTest"/>
  <testcase name="testCreate" time="0.0" classname="discuss.factories.HarvestFactoryTest"/>
  <testcase name="testUpdate" time="0.0" classname="discuss.factories.HarvestFactoryTest"/>
  <testcase name="testCreate" time="0.003" classname="discuss.factories.HiveFactoryTest"/>
  <testcase name="testUpdate" time="0.0" classname="discuss.factories.HiveFactoryTest"/>
  <testcase name="testCreate" time="0.001" classname="discuss.factories.LocationFactoryTest"/>
  <testcase name="testUpdate" time="0.0" classname="discuss.factories.LocationFactoryTest"/>
  <testcase name="testCreate" time="0.002" classname="discuss.factories.SalesFactoryTest"/>
  <testcase name="testUpdate" time="0.0" classname="discuss.factories.SalesFactoryTest"/>
  <testcase name="testCreate" time="0.001" classname="discuss.factories.SubLocationFactoryTest"/>
  <testcase name="testUpdate" time="0.0" classname="discuss.factories.SubLocationFactoryTest"/>
  <testcase name="testCreate" time="0.002" classname="discuss.factories.SuperFactoryTest"/>
  <testcase name="testUpdate" time="0.0" classname="discuss.factories.SuperFactoryTest"/>
  <testcase name="create" time="0.001" classname="discuss.repositories.BeekeeperCrudTest">
    <skipped/>
  </testcase> <!-- create -->
  <testcase name="read" time="0.0" classname="discuss.repositories.BeekeeperCrudTest">
    <skipped/>
  </testcase> <!-- read -->
  <testcase name="update" time="0.0" classname="discuss.repositories.BeekeeperCrudTest">
    <skipped/>
  </testcase> <!-- update -->
  <testcase name="delete" time="0.0" classname="discuss.repositories.BeekeeperCrudTest">
    <skipped/>
  </testcase> <!-- delete -->
  <testcase name="create" time="0.001" classname="discuss.repositories.BucketCrudTest">
    <skipped/>
  </testcase> <!-- create -->
  <testcase name="read" time="0.0" classname="discuss.repositories.BucketCrudTest">
    <skipped/>
  </testcase> <!-- read -->
  <testcase name="update" time="0.0" classname="discuss.repositories.BucketCrudTest">
    <skipped/>
  </testcase> <!-- update -->
  <testcase name="delete" time="0.0" classname="discuss.repositories.BucketCrudTest">
    <skipped/>
  </testcase> <!-- delete -->
  <testcase name="create" time="0.0" classname="discuss.repositories.CustomerCrudTest">
    <skipped/>
  </testcase> <!-- create -->
  <testcase name="read" time="0.0" classname="discuss.repositories.CustomerCrudTest">
    <skipped/>
  </testcase> <!-- read -->
  <testcase name="update" time="0.0" classname="discuss.repositories.CustomerCrudTest">
    <skipped/>
  </testcase> <!-- update -->
  <testcase name="delete" time="0.0" classname="discuss.repositories.CustomerCrudTest">
    <skipped/>
  </testcase> <!-- delete -->
  <testcase name="create" time="0.0" classname="discuss.repositories.HarvestCrudTest">
    <skipped/>
  </testcase> <!-- create -->
  <testcase name="read" time="0.0" classname="discuss.repositories.HarvestCrudTest">
    <skipped/>
  </testcase> <!-- read -->
  <testcase name="update" time="0.0" classname="discuss.repositories.HarvestCrudTest">
    <skipped/>
  </testcase> <!-- update -->
  <testcase name="delete" time="0.0" classname="discuss.repositories.HarvestCrudTest">
    <skipped/>
  </testcase> <!-- delete -->
  <testcase name="create" time="0.0" classname="discuss.repositories.HiveCrudTest">
    <skipped/>
  </testcase> <!-- create -->
  <testcase name="read" time="0.0" classname="discuss.repositories.HiveCrudTest">
    <skipped/>
  </testcase> <!-- read -->
  <testcase name="update" time="0.0" classname="discuss.repositories.HiveCrudTest">
    <skipped/>
  </testcase> <!-- update -->
  <testcase name="delete" time="0.0" classname="discuss.repositories.HiveCrudTest">
    <skipped/>
  </testcase> <!-- delete -->
  <testcase name="create" time="0.0" classname="discuss.repositories.LocationCrudTest">
    <skipped/>
  </testcase> <!-- create -->
  <testcase name="read" time="0.0" classname="discuss.repositories.LocationCrudTest">
    <skipped/>
  </testcase> <!-- read -->
  <testcase name="update" time="0.0" classname="discuss.repositories.LocationCrudTest">
    <skipped/>
  </testcase> <!-- update -->
  <testcase name="delete" time="0.0" classname="discuss.repositories.LocationCrudTest">
    <skipped/>
  </testcase> <!-- delete -->
  <testcase name="create" time="0.0" classname="discuss.repositories.SalesCrudTest">
    <skipped/>
  </testcase> <!-- create -->
  <testcase name="read" time="0.0" classname="discuss.repositories.SalesCrudTest">
    <skipped/>
  </testcase> <!-- read -->
  <testcase name="update" time="0.0" classname="discuss.repositories.SalesCrudTest">
    <skipped/>
  </testcase> <!-- update -->
  <testcase name="delete" time="0.0" classname="discuss.repositories.SalesCrudTest">
    <skipped/>
  </testcase> <!-- delete -->
  <testcase name="create" time="0.0" classname="discuss.repositories.SubLocationCrudTest">
    <skipped/>
  </testcase> <!-- create -->
  <testcase name="read" time="0.0" classname="discuss.repositories.SubLocationCrudTest">
    <skipped/>
  </testcase> <!-- read -->
  <testcase name="update" time="0.0" classname="discuss.repositories.SubLocationCrudTest">
    <skipped/>
  </testcase> <!-- update -->
  <testcase name="delete" time="0.0" classname="discuss.repositories.SubLocationCrudTest">
    <skipped/>
  </testcase> <!-- delete -->
  <testcase name="create" time="0.0" classname="discuss.repositories.SuperCrudTest">
    <skipped/>
  </testcase> <!-- create -->
  <testcase name="read" time="0.0" classname="discuss.repositories.SuperCrudTest">
    <skipped/>
  </testcase> <!-- read -->
  <testcase name="update" time="0.0" classname="discuss.repositories.SuperCrudTest">
    <skipped/>
  </testcase> <!-- update -->
  <testcase name="delete" time="0.0" classname="discuss.repositories.SuperCrudTest">
    <skipped/>
  </testcase> <!-- delete -->
  <testcase name="create" time="0.0" classname="discuss.services.BeekeeperServiceTest">
    <skipped/>
  </testcase> <!-- create -->
  <testcase name="read" time="0.0" classname="discuss.services.BeekeeperServiceTest">
    <skipped/>
  </testcase> <!-- read -->
  <testcase name="create" time="0.0" classname="discuss.services.BucketServiceTest">
    <skipped/>
  </testcase> <!-- create -->
  <testcase name="read" time="0.0" classname="discuss.services.BucketServiceTest">
    <skipped/>
  </testcase> <!-- read -->
  <testcase name="create" time="0.0" classname="discuss.services.CustomerServiceTest">
    <skipped/>
  </testcase> <!-- create -->
  <testcase name="read" time="0.0" classname="discuss.services.CustomerServiceTest">
    <skipped/>
  </testcase> <!-- read -->
  <testcase name="create" time="0.0" classname="discuss.services.HarvestServiceTest">
    <skipped/>
  </testcase> <!-- create -->
  <testcase name="read" time="0.0" classname="discuss.services.HarvestServiceTest">
    <skipped/>
  </testcase> <!-- read -->
  <testcase name="create" time="0.0" classname="discuss.services.HiveServiceTest">
    <skipped/>
  </testcase> <!-- create -->
  <testcase name="read" time="0.0" classname="discuss.services.HiveServiceTest">
    <skipped/>
  </testcase> <!-- read -->
  <testcase name="create" time="0.0" classname="discuss.services.LocationServiceTest">
    <skipped/>
  </testcase> <!-- create -->
  <testcase name="read" time="0.0" classname="discuss.services.LocationServiceTest">
    <skipped/>
  </testcase> <!-- read -->
  <testcase name="create" time="0.0" classname="discuss.services.SaleServiceTest">
    <skipped/>
  </testcase> <!-- create -->
  <testcase name="read" time="0.0" classname="discuss.services.SaleServiceTest">
    <skipped/>
  </testcase> <!-- read -->
  <testcase name="create" time="0.0" classname="discuss.services.SubLocationServiceTest">
    <skipped/>
  </testcase> <!-- create -->
  <testcase name="read" time="0.0" classname="discuss.services.SubLocationServiceTest">
    <skipped/>
  </testcase> <!-- read -->
  <testcase name="create" time="0.0" classname="discuss.services.SuperServiceTest">
    <skipped/>
  </testcase> <!-- create -->
  <testcase name="read" time="0.0" classname="discuss.services.SuperServiceTest">
    <skipped/>
  </testcase> <!-- read -->
</testsuite> <!-- Surefire test -->
